<?xml version="1.0" encoding="UTF-8"?>
<!-- Generated by org.testng.reporters.JUnitReportReporter -->
<testsuite hostname="INFAR50600" name="com.lnt.framework.suite.TestSuite" tests="1" failures="0" timestamp="30 Aug 2016 06:45:36 GMT" time="21.410" errors="0">
  <testcase name="firstTest" time="21.410" classname="com.lnt.framework.suite.TestSuite"/>
</testsuite> <!-- com.lnt.framework.suite.TestSuite -->
