<?xml version="1.0" encoding="UTF-8"?>
<!-- Generated by org.testng.reporters.JUnitReportReporter -->
<testsuite hostname="INFAR50600" name="com.lnt.framework.suite.TestSuite" tests="1" failures="0" timestamp="31 Aug 2016 05:55:34 GMT" time="20.183" errors="0">
  <testcase name="firstTest" time="20.183" classname="com.lnt.framework.suite.TestSuite"/>
</testsuite> <!-- com.lnt.framework.suite.TestSuite -->
